Build started 2015-01-18 11:53:56 AM.
     1>Project "E:\Learning OpenGl\Learning OpenGl\Learning OpenGl.vcxproj" on node 2 (Build target(s)).
     1>ClCompile:
         C:\Program Files (x86)\Microsoft Visual Studio 12.0\VC\bin\CL.exe /c /I"E:\Learning OpenGl\packages\glm.0.9.6.1\build\native\../..//build/native/include/" /I"E:\Learning OpenGl\packages\nupengl.core.0.0.0.1\build\native\../..//build/native/include/" /Zi /nologo /W3 /WX- /sdl /O2 /Oi /Oy- /GL /D _MBCS /Gm- /EHsc /MD /GS /Gy /fp:precise /Zc:wchar_t /Zc:forScope /Fo"Release\\" /Fd"Release\vc120.pdb" /Gd /TP /analyze- /errorReport:prompt Main.cpp
         Main.cpp
     1>Main.cpp(65): warning C4305: '+=' : truncation from 'double' to 'float'
     1>Main.cpp(67): warning C4305: '-=' : truncation from 'double' to 'float'
     1>Main.cpp(69): warning C4305: '+=' : truncation from 'double' to 'float'
     1>Main.cpp(71): warning C4305: '-=' : truncation from 'double' to 'float'
       Link:
         C:\Program Files (x86)\Microsoft Visual Studio 12.0\VC\bin\link.exe /ERRORREPORT:PROMPT /OUT:"E:\Learning OpenGl\Release\Learning OpenGl.exe" /NOLOGO "E:\Learning OpenGl\packages\nupengl.core.0.0.0.1\build\native\../..//build/native/lib/Win32\v120\glew32.lib" "E:\Learning OpenGl\packages\nupengl.core.0.0.0.1\build\native\../..//build/native/lib/Win32\v120\glfw3dll.lib" "E:\Learning OpenGl\packages\nupengl.core.0.0.0.1\build\native\../..//build/native/lib/Win32\v120\freeglut.lib" kernel32.lib user32.lib gdi32.lib winspool.lib comdlg32.lib advapi32.lib shell32.lib ole32.lib oleaut32.lib uuid.lib odbc32.lib odbccp32.lib /MANIFEST /MANIFESTUAC:"level='asInvoker' uiAccess='false'" /manifest:embed /DEBUG /PDB:"E:\Learning OpenGl\Release\Learning OpenGl.pdb" /OPT:REF /OPT:ICF /LTCG /TLBID:1 /DYNAMICBASE /NXCOMPAT /IMPLIB:"E:\Learning OpenGl\Release\Learning OpenGl.lib" /MACHINE:X86 /SAFESEH Release\GameModels.obj
         Release\VertexFormat.obj
         Release\Main.obj
         Release\Shader_Loader.obj
         Generating code
         Finished generating code
         Learning OpenGl.vcxproj -> E:\Learning OpenGl\Release\Learning OpenGl.exe
     1>Done Building Project "E:\Learning OpenGl\Learning OpenGl\Learning OpenGl.vcxproj" (Build target(s)).

Build succeeded.

Time Elapsed 00:00:04.19
