Build started 2015-02-15 1:26:38 AM.
     1>Project "C:\Users\Connor\Source\Repos\OpenGlGame3\Learning OpenGl\Learning OpenGl.vcxproj" on node 2 (Build target(s)).
     1>ClCompile:
         C:\Program Files (x86)\Microsoft Visual Studio 12.0\VC\bin\CL.exe /c /IC:\Users\Connor\Source\Repos\OpenGlGame3\packages\DevIL.1.7.8\build\native\../..//build/native/include/ /IC:\Users\Connor\Source\Repos\OpenGlGame3\packages\glfw.3.0.4.3\build\native\../..//build/native/include/ /IC:\Users\Connor\Source\Repos\OpenGlGame3\packages\glm.0.9.6.1\build\native\../..//build/native/include/ /IC:\Users\Connor\Source\Repos\OpenGlGame3\packages\nupengl.core.0.0.0.1\build\native\../..//build/native/include/ /ZI /nologo /W3 /WX- /sdl /Od /Oy- /D GLFW_DLL /D _MBCS /Gm /EHsc /RTC1 /MTd /GS /fp:precise /Zc:wchar_t /Zc:forScope /Fo"Debug\\" /Fd"Debug\vc120.pdb" /Gd /TP /analyze- /errorReport:prompt Character.cpp Main.cpp Physics\Body.cpp Physics\Manifold.cpp
         Body.cpp
     1>c:\users\connor\source\repos\openglgame3\learning opengl\physics\body.h(2): warning C4067: unexpected tokens following preprocessor directive - expected a newline
         Main.cpp
     1>c:\users\connor\source\repos\openglgame3\learning opengl\physics\body.h(2): warning C4067: unexpected tokens following preprocessor directive - expected a newline
     1>c:\users\connor\source\repos\openglgame3\learning opengl\physics\manifold.h(2): warning C4067: unexpected tokens following preprocessor directive - expected a newline
     1>c:\users\connor\source\repos\openglgame3\learning opengl\physics\manifold.h(3): warning C4067: unexpected tokens following preprocessor directive - expected a newline
     1>c:\users\connor\source\repos\openglgame3\learning opengl\main.cpp(68): warning C4305: 'argument' : truncation from 'double' to 'GLclampf'
     1>c:\users\connor\source\repos\openglgame3\learning opengl\main.cpp(171): warning C4244: 'initializing' : conversion from 'long' to 'unsigned short', possible loss of data
     1>c:\users\connor\source\repos\openglgame3\learning opengl\main.cpp(217): warning C4305: 'argument' : truncation from 'double' to 'float'
     1>c:\users\connor\source\repos\openglgame3\learning opengl\main.cpp(218): warning C4305: 'argument' : truncation from 'double' to 'float'
     1>c:\users\connor\source\repos\openglgame3\learning opengl\main.cpp(219): warning C4305: 'argument' : truncation from 'double' to 'float'
     1>c:\users\connor\source\repos\openglgame3\learning opengl\main.cpp(221): warning C4244: 'argument' : conversion from 'double' to 'float', possible loss of data
     1>c:\users\connor\source\repos\openglgame3\learning opengl\main.cpp(228): warning C4244: '=' : conversion from 'int' to 'float', possible loss of data
         Generating Code...
         Skipping... (no relevant changes detected)
         Manifold.cpp
         Character.cpp
       Link:
         C:\Program Files (x86)\Microsoft Visual Studio 12.0\VC\bin\link.exe /ERRORREPORT:PROMPT /OUT:"C:\Users\Connor\Source\Repos\OpenGlGame3\Debug\Learning OpenGl.exe" /INCREMENTAL /NOLOGO C:\Users\Connor\Source\Repos\OpenGlGame3\packages\glfw.3.0.4.3\build\native\../..//build/native/lib/Win32\v120\dynamic\glfw3dll.lib C:\Users\Connor\Source\Repos\OpenGlGame3\packages\nupengl.core.0.0.0.1\build\native\../..//build/native/lib/Win32\v120\glew32.lib C:\Users\Connor\Source\Repos\OpenGlGame3\packages\nupengl.core.0.0.0.1\build\native\../..//build/native/lib/Win32\v120\glfw3dll.lib C:\Users\Connor\Source\Repos\OpenGlGame3\packages\nupengl.core.0.0.0.1\build\native\../..//build/native/lib/Win32\v120\freeglut.lib kernel32.lib user32.lib gdi32.lib winspool.lib comdlg32.lib advapi32.lib shell32.lib ole32.lib oleaut32.lib uuid.lib odbc32.lib odbccp32.lib kernel32.lib user32.lib gdi32.lib winspool.lib comdlg32.lib advapi32.lib shell32.lib ole32.lib oleaut32.lib uuid.lib odbc32.lib odbccp32.lib /MANIFEST /MANIFESTUAC:"level='asInvoker' uiAccess='false'" /manifest:embed /DEBUG /PDB:"C:\Users\Connor\Source\Repos\OpenGlGame3\Debug\Learning OpenGl.pdb" /TLBID:1 /DYNAMICBASE /NXCOMPAT /IMPLIB:"C:\Users\Connor\Source\Repos\OpenGlGame3\Debug\Learning OpenGl.lib" /MACHINE:X86 Debug\Character.obj
         Debug\GameModels.obj
         Debug\VertexFormat.obj
         Debug\lodepng.obj
         Debug\Main.obj
         Debug\Shader_Loader.obj
         Debug\Body.obj
         Debug\BodyList.obj
         Debug\CollisionDetection.obj
         Debug\CollisionResolution.obj
         Debug\Manifold.obj
         Learning OpenGl.vcxproj -> C:\Users\Connor\Source\Repos\OpenGlGame3\Debug\Learning OpenGl.exe
     1>Done Building Project "C:\Users\Connor\Source\Repos\OpenGlGame3\Learning OpenGl\Learning OpenGl.vcxproj" (Build target(s)).

Build succeeded.

Time Elapsed 00:00:02.36
